\BOOKMARK [0][-]{chapter.1}{\376\377\000I\000n\000t\000r\000o\000d\000u\000c\000t\000i\000o\000n}{}% 1
\BOOKMARK [1][-]{section.1.1}{\376\377\000P\000r\000o\000b\000l\000e\000m\000\040\000S\000t\000a\000t\000e\000m\000e\000n\000t}{chapter.1}% 2
\BOOKMARK [1][-]{section.1.2}{\376\377\000O\000b\000j\000e\000c\000t\000i\000v\000e\000s}{chapter.1}% 3
\BOOKMARK [1][-]{section.1.3}{\376\377\000R\000e\000l\000a\000t\000e\000d\000\040\000W\000o\000r\000k}{chapter.1}% 4
\BOOKMARK [0][-]{chapter.2}{\376\377\000B\000a\000c\000k\000g\000r\000o\000u\000n\000d\000\040\000a\000n\000d\000\040\000R\000e\000l\000a\000t\000e\000d\000\040\000W\000o\000r\000k}{}% 5
\BOOKMARK [1][-]{section.2.1}{\376\377\000C\000l\000o\000s\000e\000d\000-\000L\000o\000o\000p\000\040\000P\000a\000y\000m\000e\000n\000t\000\040\000S\000y\000s\000t\000e\000m\000s}{chapter.2}% 6
\BOOKMARK [2][-]{subsection.2.1.1}{\376\377\000T\000r\000a\000n\000s\000i\000t\000\040\000C\000a\000r\000d\000\040\000S\000y\000s\000t\000e\000m\000s}{section.2.1}% 7
\BOOKMARK [2][-]{subsection.2.1.2}{\376\377\000F\000e\000s\000t\000i\000v\000a\000l\000\040\000P\000a\000y\000m\000e\000n\000t\000\040\000S\000y\000s\000t\000e\000m\000s}{section.2.1}% 8
\BOOKMARK [2][-]{subsection.2.1.3}{\376\377\000E\000M\000V\000\040\000a\000n\000d\000\040\000O\000f\000f\000l\000i\000n\000e\000\040\000A\000u\000t\000h\000o\000r\000i\000z\000a\000t\000i\000o\000n}{section.2.1}% 9
\BOOKMARK [1][-]{section.2.2}{\376\377\000O\000f\000f\000l\000i\000n\000e\000-\000F\000i\000r\000s\000t\000\040\000A\000r\000c\000h\000i\000t\000e\000c\000t\000u\000r\000e\000\040\000P\000a\000t\000t\000e\000r\000n\000s}{chapter.2}% 10
\BOOKMARK [2][-]{subsection.2.2.1}{\376\377\000L\000o\000c\000a\000l\000-\000F\000i\000r\000s\000t\000\040\000S\000o\000f\000t\000w\000a\000r\000e}{section.2.2}% 11
\BOOKMARK [2][-]{subsection.2.2.2}{\376\377\000C\000o\000n\000f\000l\000i\000c\000t\000-\000F\000r\000e\000e\000\040\000R\000e\000p\000l\000i\000c\000a\000t\000e\000d\000\040\000D\000a\000t\000a\000\040\000T\000y\000p\000e\000s\000\040\000\050\000C\000R\000D\000T\000s\000\051}{section.2.2}% 12
\BOOKMARK [2][-]{subsection.2.2.3}{\376\377\000E\000v\000e\000n\000t\000\040\000S\000o\000u\000r\000c\000i\000n\000g\000\040\000a\000n\000d\000\040\000C\000Q\000R\000S}{section.2.2}% 13
\BOOKMARK [2][-]{subsection.2.2.4}{\376\377\000E\000d\000g\000e\000\040\000C\000o\000m\000p\000u\000t\000i\000n\000g}{section.2.2}% 14
\BOOKMARK [1][-]{section.2.3}{\376\377\000C\000o\000n\000f\000l\000i\000c\000t\000\040\000R\000e\000s\000o\000l\000u\000t\000i\000o\000n\000\040\000i\000n\000\040\000D\000i\000s\000t\000r\000i\000b\000u\000t\000e\000d\000\040\000S\000y\000s\000t\000e\000m\000s}{chapter.2}% 15
\BOOKMARK [2][-]{subsection.2.3.1}{\376\377\000T\000h\000e\000\040\000C\000A\000P\000\040\000T\000h\000e\000o\000r\000e\000m}{section.2.3}% 16
\BOOKMARK [2][-]{subsection.2.3.2}{\376\377\000E\000v\000e\000n\000t\000u\000a\000l\000\040\000C\000o\000n\000s\000i\000s\000t\000e\000n\000c\000y}{section.2.3}% 17
\BOOKMARK [2][-]{subsection.2.3.3}{\376\377\000T\000r\000a\000n\000s\000a\000c\000t\000i\000o\000n\000\040\000O\000r\000d\000e\000r\000i\000n\000g\000\040\000a\000n\000d\000\040\000W\000h\000y\000\040\000T\000i\000m\000e\000s\000t\000a\000m\000p\000s\000\040\000A\000r\000e\000\040\000E\000n\000o\000u\000g\000h}{section.2.3}% 18
\BOOKMARK [0][-]{chapter.3}{\376\377\000S\000y\000s\000t\000e\000m\000\040\000A\000r\000c\000h\000i\000t\000e\000c\000t\000u\000r\000e}{}% 19
\BOOKMARK [1][-]{section.3.1}{\376\377\000H\000i\000g\000h\000-\000l\000e\000v\000e\000l\000\040\000o\000v\000e\000r\000v\000i\000e\000w}{chapter.3}% 20
\BOOKMARK [1][-]{section.3.2}{\376\377\000W\000h\000y\000\040\000t\000h\000i\000s\000\040\000a\000r\000c\000h\000i\000t\000e\000c\000t\000u\000r\000e}{chapter.3}% 21
\BOOKMARK [2][-]{subsection.3.2.1}{\376\377\000A\000r\000c\000h\000i\000t\000e\000c\000t\000u\000r\000e\000\040\000c\000o\000m\000p\000a\000r\000i\000s\000o\000n}{section.3.2}% 22
\BOOKMARK [2][-]{subsection.3.2.2}{\376\377\000W\000h\000a\000t\000\040\000w\000e\000\040\000l\000e\000a\000r\000n\000e\000d\000\040\000f\000r\000o\000m\000\040\000e\000x\000i\000s\000t\000i\000n\000g\000\040\000s\000y\000s\000t\000e\000m\000s}{section.3.2}% 23
\BOOKMARK [2][-]{subsection.3.2.3}{\376\377\000W\000h\000a\000t\000\040\000w\000e\000\040\000t\000o\000o\000k\000\040\000f\000r\000o\000m\000\040\000t\000h\000e\000\040\000a\000r\000c\000h\000i\000t\000e\000c\000t\000u\000r\000a\000l\000\040\000p\000a\000t\000t\000e\000r\000n\000s}{section.3.2}% 24
\BOOKMARK [1][-]{section.3.3}{\376\377\000N\000F\000C\000\040\000w\000r\000i\000s\000t\000b\000a\000n\000d\000s\000\040\000a\000n\000d\000\040\000o\000f\000f\000l\000i\000n\000e\000\040\000s\000u\000p\000p\000o\000r\000t}{chapter.3}% 25
\BOOKMARK [2][-]{subsection.3.3.1}{\376\377\000H\000o\000w\000\040\000a\000\040\000p\000a\000y\000m\000e\000n\000t\000\040\000w\000o\000r\000k\000s}{section.3.3}% 26
\BOOKMARK [2][-]{subsection.3.3.2}{\376\377\000O\000f\000f\000l\000i\000n\000e\000\040\000o\000p\000e\000r\000a\000t\000i\000o\000n}{section.3.3}% 27
\BOOKMARK [2][-]{subsection.3.3.3}{\376\377\000B\000a\000l\000a\000n\000c\000e\000\040\000r\000e\000c\000o\000n\000c\000i\000l\000i\000a\000t\000i\000o\000n\000\040\000m\000o\000d\000e\000l}{section.3.3}% 28
\BOOKMARK [2][-]{subsection.3.3.4}{\376\377\000T\000o\000p\000-\000u\000p\000s\000:\000\040\000t\000h\000e\000\040\000o\000n\000e\000\040\000t\000h\000i\000n\000g\000\040\000t\000h\000a\000t\000\040\000n\000e\000e\000d\000s\000\040\000t\000h\000e\000\040\000n\000e\000t\000w\000o\000r\000k}{section.3.3}% 29
\BOOKMARK [2][-]{subsection.3.3.5}{\376\377\000S\000e\000c\000u\000r\000i\000t\000y\000\040\000o\000f\000\040\000t\000h\000e\000\040\000w\000r\000i\000s\000t\000b\000a\000n\000d\000\040\000b\000a\000l\000a\000n\000c\000e}{section.3.3}% 30
\BOOKMARK [1][-]{section.3.4}{\376\377\000T\000h\000e\000\040\000m\000o\000b\000i\000l\000e\000\040\000a\000p\000p\000l\000i\000c\000a\000t\000i\000o\000n}{chapter.3}% 31
\BOOKMARK [2][-]{subsection.3.4.1}{\376\377\000A\000t\000t\000e\000n\000d\000e\000e\000\040\000v\000i\000e\000w}{section.3.4}% 32
\BOOKMARK [2][-]{subsection.3.4.2}{\376\377\000V\000e\000n\000d\000o\000r\000\040\000P\000O\000S\000\040\000m\000o\000d\000e}{section.3.4}% 33
\BOOKMARK [2][-]{subsection.3.4.3}{\376\377\000D\000e\000v\000i\000c\000e\000\040\000s\000e\000c\000u\000r\000i\000t\000y\000\040\000c\000h\000e\000c\000k\000s}{section.3.4}% 34
\BOOKMARK [1][-]{section.3.5}{\376\377\000A\000d\000m\000i\000n\000\040\000d\000a\000s\000h\000b\000o\000a\000r\000d}{chapter.3}% 35
\BOOKMARK [1][-]{section.3.6}{\376\377\000B\000a\000c\000k\000e\000n\000d\000\040\000s\000e\000r\000v\000e\000r}{chapter.3}% 36
\BOOKMARK [2][-]{subsection.3.6.1}{\376\377\000W\000h\000y\000\040\000a\000\040\000s\000i\000n\000g\000l\000e\000\040\000s\000e\000r\000v\000i\000c\000e\000,\000\040\000n\000o\000t\000\040\000m\000i\000c\000r\000o\000s\000e\000r\000v\000i\000c\000e\000s}{section.3.6}% 37
\BOOKMARK [2][-]{subsection.3.6.2}{\376\377\000M\000u\000l\000t\000i\000-\000t\000e\000n\000a\000n\000c\000y}{section.3.6}% 38
\BOOKMARK [2][-]{subsection.3.6.3}{\376\377\000H\000o\000r\000i\000z\000o\000n\000t\000a\000l\000\040\000s\000c\000a\000l\000a\000b\000i\000l\000i\000t\000y}{section.3.6}% 39
\BOOKMARK [1][-]{section.3.7}{\376\377\000D\000a\000t\000a\000b\000a\000s\000e\000:\000\040\000P\000o\000s\000t\000g\000r\000e\000S\000Q\000L}{chapter.3}% 40
\BOOKMARK [2][-]{subsection.3.7.1}{\376\377\000W\000h\000y\000\040\000P\000o\000s\000t\000g\000r\000e\000S\000Q\000L}{section.3.7}% 41
\BOOKMARK [2][-]{subsection.3.7.2}{\376\377\000W\000h\000y\000\040\000a\000\040\000s\000i\000n\000g\000l\000e\000\040\000d\000a\000t\000a\000b\000a\000s\000e\000\040\000i\000s\000\040\000e\000n\000o\000u\000g\000h}{section.3.7}% 42
\BOOKMARK [0][-]{chapter.4}{\376\377\000I\000m\000p\000l\000e\000m\000e\000n\000t\000a\000t\000i\000o\000n}{}% 43
\BOOKMARK [1][-]{section.4.1}{\376\377\000N\000F\000C\000\040\000w\000r\000i\000s\000t\000b\000a\000n\000d\000\040\000i\000n\000t\000e\000g\000r\000a\000t\000i\000o\000n}{chapter.4}% 44
\BOOKMARK [2][-]{subsection.4.1.1}{\376\377\000D\000E\000S\000F\000i\000r\000e\000\040\000a\000u\000t\000h\000e\000n\000t\000i\000c\000a\000t\000i\000o\000n\000\040\000f\000l\000o\000w}{section.4.1}% 45
\BOOKMARK [2][-]{subsection.4.1.2}{\376\377\000B\000a\000l\000a\000n\000c\000e\000\040\000r\000e\000a\000d\000/\000w\000r\000i\000t\000e\000\040\000p\000r\000o\000t\000o\000c\000o\000l}{section.4.1}% 46
\BOOKMARK [1][-]{section.4.2}{\376\377\000M\000o\000b\000i\000l\000e\000\040\000a\000p\000p\000l\000i\000c\000a\000t\000i\000o\000n}{chapter.4}% 47
\BOOKMARK [2][-]{subsection.4.2.1}{\376\377\000A\000t\000t\000e\000n\000d\000e\000e\000\040\000s\000c\000r\000e\000e\000n\000s}{section.4.2}% 48
\BOOKMARK [2][-]{subsection.4.2.2}{\376\377\000V\000e\000n\000d\000o\000r\000\040\000P\000O\000S\000\040\000m\000o\000d\000e}{section.4.2}% 49
\BOOKMARK [2][-]{subsection.4.2.3}{\376\377\000D\000e\000v\000i\000c\000e\000\040\000s\000e\000c\000u\000r\000i\000t\000y\000\040\000c\000h\000e\000c\000k\000s}{section.4.2}% 50
\BOOKMARK [1][-]{section.4.3}{\376\377\000A\000d\000m\000i\000n\000\040\000d\000a\000s\000h\000b\000o\000a\000r\000d}{chapter.4}% 51
\BOOKMARK [1][-]{section.4.4}{\376\377\000B\000a\000c\000k\000e\000n\000d\000\040\000s\000e\000r\000v\000e\000r}{chapter.4}% 52
\BOOKMARK [2][-]{subsection.4.4.1}{\376\377\000A\000u\000t\000h\000e\000n\000t\000i\000c\000a\000t\000i\000o\000n\000\040\000a\000n\000d\000\040\000a\000u\000t\000h\000o\000r\000i\000z\000a\000t\000i\000o\000n}{section.4.4}% 53
\BOOKMARK [2][-]{subsection.4.4.2}{\376\377\000E\000v\000e\000n\000t\000\040\000m\000a\000n\000a\000g\000e\000m\000e\000n\000t\000\040\000m\000o\000d\000u\000l\000e}{section.4.4}% 54
\BOOKMARK [2][-]{subsection.4.4.3}{\376\377\000S\000y\000n\000c\000\040\000a\000n\000d\000\040\000r\000e\000c\000o\000n\000c\000i\000l\000i\000a\000t\000i\000o\000n}{section.4.4}% 55
\BOOKMARK [2][-]{subsection.4.4.4}{\376\377\000S\000t\000r\000i\000p\000e\000\040\000i\000n\000t\000e\000g\000r\000a\000t\000i\000o\000n}{section.4.4}% 56
\BOOKMARK [1][-]{section.4.5}{\376\377\000D\000a\000t\000a\000b\000a\000s\000e\000\040\000i\000m\000p\000l\000e\000m\000e\000n\000t\000a\000t\000i\000o\000n}{chapter.4}% 57
\BOOKMARK [1][-]{section.4.6}{\376\377\000O\000f\000f\000l\000i\000n\000e\000\040\000t\000r\000a\000n\000s\000a\000c\000t\000i\000o\000n\000\040\000q\000u\000e\000u\000e\000\040\000a\000n\000d\000\040\000s\000y\000n\000c\000\040\000p\000r\000o\000t\000o\000c\000o\000l}{chapter.4}% 58
\BOOKMARK [0][-]{chapter.5}{\376\377\000S\000e\000c\000u\000r\000i\000t\000y\000\040\000C\000o\000n\000s\000i\000d\000e\000r\000a\000t\000i\000o\000n\000s}{}% 59
\BOOKMARK [1][-]{section.5.1}{\376\377\000A\000u\000t\000h\000e\000n\000t\000i\000c\000a\000t\000i\000o\000n\000\040\000a\000n\000d\000\040\000A\000u\000t\000h\000o\000r\000i\000z\000a\000t\000i\000o\000n}{chapter.5}% 60
\BOOKMARK [1][-]{section.5.2}{\376\377\000W\000a\000l\000l\000e\000t\000\040\000I\000n\000t\000e\000g\000r\000i\000t\000y\000\040\000a\000n\000d\000\040\000D\000o\000u\000b\000l\000e\000-\000S\000p\000e\000n\000d\000\040\000P\000r\000e\000v\000e\000n\000t\000i\000o\000n}{chapter.5}% 61
\BOOKMARK [2][-]{subsection.5.2.1}{\376\377\000O\000n\000l\000i\000n\000e\000\040\000M\000o\000d\000e}{section.5.2}% 62
\BOOKMARK [2][-]{subsection.5.2.2}{\376\377\000O\000f\000f\000l\000i\000n\000e\000\040\000M\000o\000d\000e}{section.5.2}% 63
\BOOKMARK [1][-]{section.5.3}{\376\377\000O\000f\000f\000l\000i\000n\000e\000\040\000T\000r\000u\000s\000t\000\040\000M\000o\000d\000e\000l}{chapter.5}% 64
\BOOKMARK [1][-]{section.5.4}{\376\377\000S\000t\000r\000i\000p\000e\000\040\000a\000n\000d\000\040\000P\000a\000y\000m\000e\000n\000t\000\040\000S\000e\000c\000u\000r\000i\000t\000y}{chapter.5}% 65
\BOOKMARK [1][-]{section.5.5}{\376\377\000D\000a\000t\000a\000\040\000P\000r\000o\000t\000e\000c\000t\000i\000o\000n}{chapter.5}% 66
\BOOKMARK [0][-]{chapter.6}{\376\377\000D\000i\000s\000c\000u\000s\000s\000i\000o\000n}{}% 67
\BOOKMARK [1][-]{section.6.1}{\376\377\000D\000e\000s\000i\000g\000n\000\040\000T\000r\000a\000d\000e\000-\000o\000f\000f\000s}{chapter.6}% 68
\BOOKMARK [1][-]{section.6.2}{\376\377\000C\000o\000m\000p\000a\000r\000i\000s\000o\000n\000\040\000w\000i\000t\000h\000\040\000E\000x\000i\000s\000t\000i\000n\000g\000\040\000S\000o\000l\000u\000t\000i\000o\000n\000s}{chapter.6}% 69
\BOOKMARK [1][-]{section.6.3}{\376\377\000L\000i\000m\000i\000t\000a\000t\000i\000o\000n\000s}{chapter.6}% 70
\BOOKMARK [1][-]{section.6.4}{\376\377\000F\000u\000r\000t\000h\000e\000r\000\040\000I\000m\000p\000r\000o\000v\000e\000m\000e\000n\000t\000s}{chapter.6}% 71
\BOOKMARK [0][-]{chapter.7}{\376\377\000C\000o\000n\000c\000l\000u\000s\000i\000o\000n\000s}{}% 72
\BOOKMARK [0][-]{chapter*.8}{\376\377\000B\000i\000b\000l\000i\000o\000g\000r\000a\000p\000h\000y}{}% 73
